<?xml version="1.0" encoding="UTF-8"?>
<testng-results ignored="0" total="2" passed="2" failed="0" skipped="0">
  <reporter-output>
  </reporter-output>
  <suite started-at="2021-09-22T08:48:42 IST" name="Suite" finished-at="2021-09-22T08:48:47 IST" duration-ms="5179">
    <groups>
    </groups>
    <test started-at="2021-09-22T08:48:42 IST" name="Test" finished-at="2021-09-22T08:48:47 IST" duration-ms="5179">
      <class name="com.Testcases.Testcases">
        <test-method signature="Testcase1()[pri:0, instance:com.Testcases.Testcases@60dcc9fe]" started-at="2021-09-22T08:48:42 IST" name="Testcase1" finished-at="2021-09-22T08:48:47 IST" duration-ms="5107" status="PASS">
          <reporter-output>
          </reporter-output>
        </test-method> <!-- Testcase1 -->
        <test-method signature="BookFlightTestcase()[pri:1, instance:com.Testcases.Testcases@60dcc9fe]" started-at="2021-09-22T08:48:47 IST" name="BookFlightTestcase" finished-at="2021-09-22T08:48:47 IST" duration-ms="3" status="PASS">
          <reporter-output>
          </reporter-output>
        </test-method> <!-- BookFlightTestcase -->
      </class> <!-- com.Testcases.Testcases -->
    </test> <!-- Test -->
  </suite> <!-- Suite -->
</testng-results>
