<?xml version="1.0" encoding="UTF-8"?>
<testng-results ignored="0" total="3" passed="3" failed="0" skipped="0">
  <reporter-output>
  </reporter-output>
  <suite started-at="2021-09-22T20:06:09 IST" name="Suite" finished-at="2021-09-22T20:06:44 IST" duration-ms="34764">
    <groups>
    </groups>
    <test started-at="2021-09-22T20:06:09 IST" name="Test" finished-at="2021-09-22T20:06:44 IST" duration-ms="34764">
      <class name="com.Testcases.Testcases">
        <test-method signature="HomePageTestcase()[pri:0, instance:com.Testcases.Testcases@222114ba]" started-at="2021-09-22T20:06:09 IST" name="HomePageTestcase" finished-at="2021-09-22T20:06:18 IST" duration-ms="9351" status="PASS">
          <reporter-output>
          </reporter-output>
        </test-method> <!-- HomePageTestcase -->
        <test-method signature="BookFlightTestcase()[pri:1, instance:com.Testcases.Testcases@222114ba]" started-at="2021-09-22T20:06:18 IST" name="BookFlightTestcase" finished-at="2021-09-22T20:06:25 IST" duration-ms="6691" status="PASS">
          <reporter-output>
          </reporter-output>
        </test-method> <!-- BookFlightTestcase -->
        <test-method signature="LoginandForgotpasswordlink()[pri:2, instance:com.Testcases.Testcases@222114ba]" started-at="2021-09-22T20:06:25 IST" name="LoginandForgotpasswordlink" finished-at="2021-09-22T20:06:44 IST" duration-ms="18662" status="PASS">
          <reporter-output>
          </reporter-output>
        </test-method> <!-- LoginandForgotpasswordlink -->
      </class> <!-- com.Testcases.Testcases -->
    </test> <!-- Test -->
  </suite> <!-- Suite -->
</testng-results>
